Base path: 'D:/Programas de trabajo/Unity/Hub/Editor/2019.4.8f1/Editor/Data', plugins path 'D:/Programas de trabajo/Unity/Hub/Editor/2019.4.8f1/Editor/Data/PlaybackEngines'
Cmd: initializeCompiler
Cmd: preprocessCompute
  insize=6431 outsize=6433 ok=1
Cmd: preprocessCompute
  insize=6442 outsize=6444 ok=1
Cmd: preprocess
  insize=24193 outsize=470 ok=1
Cmd: preprocessCompute
  insize=1966 outsize=1968 ok=1
Cmd: preprocessCompute
  insize=6426 outsize=6428 ok=1
Cmd: preprocessCompute
  insize=6399 outsize=6401 ok=1
Cmd: preprocess
  insize=24156 outsize=470 ok=1
Cmd: preprocessCompute
  insize=1966 outsize=1968 ok=1
Cmd: preprocessCompute
  insize=6426 outsize=6428 ok=1
Cmd: preprocessCompute
  insize=6399 outsize=6401 ok=1
Cmd: preprocess
  insize=24156 outsize=470 ok=1
Cmd: preprocessCompute
  insize=1966 outsize=1968 ok=1
Cmd: preprocessCompute
  insize=6431 outsize=6433 ok=1
Cmd: preprocessCompute
  insize=6442 outsize=6444 ok=1
Cmd: preprocess
  insize=24193 outsize=470 ok=1
Cmd: preprocessCompute
  insize=1966 outsize=1968 ok=1
Cmd: preprocessCompute
  insize=6431 outsize=6433 ok=1
Cmd: preprocessCompute
  insize=6442 outsize=6444 ok=1
Cmd: preprocess
  insize=24193 outsize=470 ok=1
Cmd: preprocessCompute
  insize=1966 outsize=1968 ok=1

Quitting shader compiler process
